modules/alarm-native/android/build/intermediates/manifest_merge_blame_file/debug/processDebugManifest/manifest-merger-blame-debug-report.txt
1<?xml version="1.0" encoding="utf-8"?>
2<manifest xmlns:android="http://schemas.android.com/apk/res/android"
3    package="expo.modules.alarmnative" >
4
5    <uses-sdk android:minSdkVersion="26" />
6
7    <uses-permission android:name="android.permission.SCHEDULE_EXACT_ALARM" />
7-->src\main\AndroidManifest.xml:2:3-77
7-->src\main\AndroidManifest.xml:2:20-74
8    <uses-permission android:name="android.permission.USE_EXACT_ALARM" />
8-->src\main\AndroidManifest.xml:3:3-72
8-->src\main\AndroidManifest.xml:3:20-69
9    <uses-permission android:name="android.permission.USE_FULL_SCREEN_INTENT" />
9-->src\main\AndroidManifest.xml:4:3-79
9-->src\main\AndroidManifest.xml:4:20-76
10    <uses-permission android:name="android.permission.RECEIVE_BOOT_COMPLETED" />
10-->src\main\AndroidManifest.xml:5:3-79
10-->src\main\AndroidManifest.xml:5:20-76
11    <uses-permission android:name="android.permission.WAKE_LOCK" />
11-->src\main\AndroidManifest.xml:6:3-66
11-->src\main\AndroidManifest.xml:6:20-63
12    <uses-permission android:name="android.permission.POST_NOTIFICATIONS" />
12-->src\main\AndroidManifest.xml:7:3-75
12-->src\main\AndroidManifest.xml:7:20-72
13    <uses-permission android:name="android.permission.VIBRATE" />
13-->src\main\AndroidManifest.xml:8:3-64
13-->src\main\AndroidManifest.xml:8:20-61
14
15    <application>
15-->src\main\AndroidManifest.xml:10:3-25:17
16        <receiver
16-->src\main\AndroidManifest.xml:11:5-13:34
17            android:name="expo.modules.alarmnative.AlarmReceiver"
17-->src\main\AndroidManifest.xml:12:7-60
18            android:exported="false" />
18-->src\main\AndroidManifest.xml:13:7-31
19        <receiver
19-->src\main\AndroidManifest.xml:14:5-24:16
20            android:name="expo.modules.alarmnative.BootReceiver"
20-->src\main\AndroidManifest.xml:15:7-59
21            android:exported="true" >
21-->src\main\AndroidManifest.xml:16:7-30
22            <intent-filter>
22-->src\main\AndroidManifest.xml:17:7-23:23
23                <action android:name="android.intent.action.BOOT_COMPLETED" />
23-->src\main\AndroidManifest.xml:18:9-71
23-->src\main\AndroidManifest.xml:18:17-68
24                <action android:name="android.intent.action.LOCKED_BOOT_COMPLETED" />
24-->src\main\AndroidManifest.xml:19:9-78
24-->src\main\AndroidManifest.xml:19:17-75
25                <action android:name="android.intent.action.MY_PACKAGE_REPLACED" />
25-->src\main\AndroidManifest.xml:20:9-76
25-->src\main\AndroidManifest.xml:20:17-73
26                <action android:name="android.intent.action.TIME_SET" />
26-->src\main\AndroidManifest.xml:21:9-65
26-->src\main\AndroidManifest.xml:21:17-62
27                <action android:name="android.intent.action.TIMEZONE_CHANGED" />
27-->src\main\AndroidManifest.xml:22:9-73
27-->src\main\AndroidManifest.xml:22:17-70
28            </intent-filter>
29        </receiver>
30    </application>
31
32</manifest>